MainProject/proguard/mapping.txt
com.example.mainproject.AnnotationActivity -> com.example.mainproject.a:
    java.lang.String TAG -> g
    com.example.mainproject.MyApplication myApplication -> e
    android.widget.TextView tv_result -> f
    void onCreate(android.os.Bundle) -> onCreate
    void afterViewLoad() -> e
    void onRestart() -> onRestart
    boolean onCreateOptionsMenu(android.view.Menu) -> onCreateOptionsMenu
    void testThread() -> f
    void doSomethingInThead() -> g
    void testUIThead(int) -> a
com.example.mainproject.AnnotationActivity_ -> com.example.mainproject.AnnotationActivity_:
    org.androidannotations.api.view.OnViewChangedNotifier onViewChangedNotifier_ -> g
    android.os.Handler handler_ -> h
    void onCreate(android.os.Bundle) -> onCreate
    void setContentView(int) -> setContentView
    void setContentView(android.view.View,android.view.ViewGroup$LayoutParams) -> setContentView
    void setContentView(android.view.View) -> setContentView
    boolean onKeyDown(int,android.view.KeyEvent) -> onKeyDown
    void onViewChanged(org.androidannotations.api.view.HasViews) -> a
    void testUIThead(int) -> a
    void doSomethingInThead() -> g
    void access$0(com.example.mainproject.AnnotationActivity_,int) -> a
    void access$1(com.example.mainproject.AnnotationActivity_) -> a
com.example.mainproject.AnnotationActivity_$1 -> com.example.mainproject.b:
    com.example.mainproject.AnnotationActivity_ this$0 -> a
    void onClick(android.view.View) -> onClick
com.example.mainproject.AnnotationActivity_$2 -> com.example.mainproject.c:
    com.example.mainproject.AnnotationActivity_ this$0 -> a
    int val$i -> b
    void run() -> run
com.example.mainproject.AnnotationActivity_$3 -> com.example.mainproject.d:
    com.example.mainproject.AnnotationActivity_ this$0 -> a
    void execute() -> a
com.example.mainproject.HttpTestActivity -> com.example.mainproject.e:
    java.lang.String TAG -> b
    android.widget.TextView tv_result -> a
    void onCreate(android.os.Bundle) -> onCreate
    void afterviewload() -> a
    void testGet() -> b
    void testEntity() -> c
    void testPost() -> d
    void testUploadFile() -> e
com.example.mainproject.HttpTestActivity$1 -> com.example.mainproject.f:
    com.example.mainproject.HttpTestActivity this$0 -> a
    void onSuccess(int,org.apache.http.Header[],byte[]) -> a
    void onFailure(int,org.apache.http.Header[],byte[],java.lang.Throwable) -> a
com.example.mainproject.HttpTestActivity$2 -> com.example.mainproject.g:
    com.example.mainproject.HttpTestActivity this$0 -> a
    void onSuccess$a07ae02(java.lang.String) -> a
    void onFailure$56b47b33() -> a
com.example.mainproject.HttpTestActivity$3 -> com.example.mainproject.h:
    com.example.mainproject.HttpTestActivity this$0 -> a
    void onSuccess$a07ae02(java.lang.String) -> a
    void onFailure$56b47b33() -> a
com.example.mainproject.HttpTestActivity$4 -> com.example.mainproject.i:
    com.example.mainproject.HttpTestActivity this$0 -> a
    void onFailure$56b47b33() -> a
    void onSuccess$a07ae02(java.lang.String) -> a
com.example.mainproject.HttpTestActivity_ -> com.example.mainproject.HttpTestActivity_:
    org.androidannotations.api.view.OnViewChangedNotifier onViewChangedNotifier_ -> b
    void onCreate(android.os.Bundle) -> onCreate
    void setContentView(int) -> setContentView
    void setContentView(android.view.View,android.view.ViewGroup$LayoutParams) -> setContentView
    void setContentView(android.view.View) -> setContentView
    void onViewChanged(org.androidannotations.api.view.HasViews) -> a
com.example.mainproject.HttpTestActivity_$1 -> com.example.mainproject.j:
    com.example.mainproject.HttpTestActivity_ this$0 -> a
    void onClick(android.view.View) -> onClick
com.example.mainproject.HttpTestActivity_$2 -> com.example.mainproject.k:
    com.example.mainproject.HttpTestActivity_ this$0 -> a
    void onClick(android.view.View) -> onClick
...
com.loopj.android.http.AsyncHttpRequest -> com.a.a.a.e:
    org.apache.http.impl.client.AbstractHttpClient client -> a
    org.apache.http.protocol.HttpContext context -> b
    org.apache.http.client.methods.HttpUriRequest request -> c
    com.loopj.android.http.ResponseHandlerInterface responseHandler -> d
    int executionCount -> e
    boolean isCancelled -> f
    boolean cancelIsNotified -> g
    boolean isFinished -> h
    void run() -> run
    boolean isCancelled() -> a
    boolean isDone() -> b
com.loopj.android.http.AsyncHttpResponseHandler -> com.a.a.a.f:
    android.os.Handler handler -> a
    java.lang.String responseCharset -> b
    java.lang.Boolean useSynchronousMode -> c
    void setCharset(java.lang.String) -> b
    java.lang.String getCharset() -> b
    void onSuccess(int,org.apache.http.Header[],byte[]) -> a
    void onFailure(int,org.apache.http.Header[],byte[],java.lang.Throwable) -> a
    void sendProgressMessage(int,int) -> a
    void sendFailureMessage(int,org.apache.http.Header[],byte[],java.lang.Throwable) -> b
    void sendStartMessage() -> c
    void sendFinishMessage() -> d
    void sendRetryMessage(int) -> a
    void handleMessage(android.os.Message) -> a
    void sendMessage(android.os.Message) -> b
    android.os.Message obtainMessage(int,java.lang.Object) -> a
    void sendResponseMessage(org.apache.http.HttpResponse) -> a
    byte[] getResponseData(org.apache.http.HttpEntity) -> a
com.loopj.android.http.AsyncHttpResponseHandler$ResponderHandler -> com.a.a.a.g:
    com.loopj.android.http.AsyncHttpResponseHandler mResponder -> a
    void handleMessage(android.os.Message) -> handleMessage
com.loopj.android.http.MySSLSocketFactory -> com.a.a.a.h:
    javax.net.ssl.SSLContext sslContext -> a
    java.net.Socket createSocket(java.net.Socket,java.lang.String,int,boolean) -> createSocket
    java.net.Socket createSocket() -> createSocket
    java.security.KeyStore getKeystore() -> b
    org.apache.http.conn.ssl.SSLSocketFactory getFixedSocketFactory() -> a
com.loopj.android.http.MySSLSocketFactory$1 -> com.a.a.a.i:
    void checkClientTrusted(java.security.cert.X509Certificate[],java.lang.String) -> checkClientTrusted
    void checkServerTrusted(java.security.cert.X509Certificate[],java.lang.String) -> checkServerTrusted
    java.security.cert.X509Certificate[] getAcceptedIssuers() -> getAcceptedIssuers
com.loopj.android.http.RequestHandle -> com.a.a.a.j:
    java.lang.ref.WeakReference request -> a
    boolean shouldBeGarbageCollected() -> a
com.loopj.android.http.RequestParams -> com.a.a.a.k:
    java.util.concurrent.ConcurrentHashMap urlParams -> a
    java.util.concurrent.ConcurrentHashMap streamParams -> b
    java.util.concurrent.ConcurrentHashMap fileParams -> c
    java.util.concurrent.ConcurrentHashMap urlParamsWithObjects -> d
    java.lang.String contentEncoding -> e
    void put(java.lang.String,java.lang.String) -> a
    void put(java.lang.String,java.io.InputStream,java.lang.String,java.lang.String) -> a
    java.lang.String toString() -> toString
    org.apache.http.HttpEntity getEntity(com.loopj.android.http.ResponseHandlerInterface) -> a
    org.apache.http.HttpEntity createFormEntity() -> b
    java.util.List getParamsList() -> c
    java.util.List getParamsList(java.lang.String,java.lang.Object) -> a
    java.lang.String getParamString() -> a
com.loopj.android.http.RequestParams$StreamWrapper -> com.a.a.a.l:
    java.io.InputStream inputStream -> a
    java.lang.String name -> b
    java.lang.String contentType -> c
com.loopj.android.http.ResponseHandlerInterface -> com.a.a.a.m:
    void sendResponseMessage(org.apache.http.HttpResponse) -> a
    void sendStartMessage() -> c
    void sendFinishMessage() -> d
    void sendProgressMessage(int,int) -> a
    void sendFailureMessage(int,org.apache.http.Header[],byte[],java.lang.Throwable) -> b
    void sendRetryMessage(int) -> a