MainProject/proguard/usage.txt
com.example.mainproject.AnnotationActivity_:
    69:69:public static com.example.mainproject.AnnotationActivity_$IntentBuilder_ intent(android.content.Context)
    73:73:public static com.example.mainproject.AnnotationActivity_$IntentBuilder_ intent(android.support.v4.app.Fragment)
com.example.mainproject.AnnotationActivity_$IntentBuilder_
com.example.mainproject.BuildConfig
com.example.mainproject.HttpTestActivity_:
    62:62:public static com.example.mainproject.HttpTestActivity_$IntentBuilder_ intent(android.content.Context)
    66:66:public static com.example.mainproject.HttpTestActivity_$IntentBuilder_ intent(android.support.v4.app.Fragment)
com.example.mainproject.HttpTestActivity_$IntentBuilder_
com.example.mainproject.MainActivity_:
    61:61:public static com.example.mainproject.MainActivity_$IntentBuilder_ intent(android.content.Context)
    65:65:public static com.example.mainproject.MainActivity_$IntentBuilder_ intent(android.support.v4.app.Fragment)
com.example.mainproject.MainActivity_$IntentBuilder_
com.example.mainproject.MyApplication_:
    24:25:public static void setForTesting(com.example.mainproject.MyApplication)
com.example.mainproject.MyFragment_:
    66:66:public static com.example.mainproject.MyFragment_$FragmentBuilder_ builder()
com.example.mainproject.MyFragment_$FragmentBuilder_
com.example.mainproject.R
com.example.mainproject.R$array
com.example.mainproject.R$attr
com.example.mainproject.R$dimen
com.example.mainproject.R$drawable
com.example.mainproject.R$id
com.example.mainproject.R$layout
com.example.mainproject.R$menu
com.example.mainproject.R$string
com.example.mainproject.R$style
com.example.mainproject.R$xml
com.example.mainproject.SettingsActivity:
    private static final boolean ALWAYS_SIMPLE_PREFS
    183:183:static synthetic void access$0(android.preference.Preference)
com.example.mainproject.SettingsActivity$DataSyncPreferenceFragment
com.example.mainproject.SettingsActivity$GeneralPreferenceFragment
com.example.mainproject.SettingsActivity$NotificationPreferenceFragment
com.example.mainproject.SprinklesActivity_:
    70:70:public static com.example.mainproject.SprinklesActivity_$IntentBuilder_ intent(android.content.Context)
    74:74:public static com.example.mainproject.SprinklesActivity_$IntentBuilder_ intent(android.support.v4.app.Fragment)
com.example.mainproject.SprinklesActivity_$IntentBuilder_
...
android.support.v4.graphics.drawable.DrawableCompat$DrawableImpl
android.support.v4.graphics.drawable.DrawableCompat$HoneycombDrawableImpl
android.support.v4.graphics.drawable.DrawableCompat$KitKatDrawableImpl
android.support.v4.graphics.drawable.DrawableCompatHoneycomb
android.support.v4.graphics.drawable.DrawableCompatKitKat
android.support.v4.hardware.display.DisplayManagerCompat
android.support.v4.hardware.display.DisplayManagerCompat$JellybeanMr1Impl
android.support.v4.hardware.display.DisplayManagerCompat$LegacyImpl
android.support.v4.hardware.display.DisplayManagerJellybeanMr1
android.support.v4.internal.view.SupportMenu
android.support.v4.internal.view.SupportMenuItem
android.support.v4.internal.view.SupportSubMenu
android.support.v4.media.TransportController
android.support.v4.media.TransportMediator
android.support.v4.media.TransportMediator$1
android.support.v4.media.TransportMediator$2
android.support.v4.media.TransportMediatorCallback
android.support.v4.media.TransportMediatorJellybeanMR2
android.support.v4.media.TransportMediatorJellybeanMR2$1
android.support.v4.media.TransportMediatorJellybeanMR2$2
android.support.v4.media.TransportMediatorJellybeanMR2$3
android.support.v4.media.TransportMediatorJellybeanMR2$4
android.support.v4.media.TransportPerformer
android.support.v4.media.TransportStateListener
android.support.v4.net.ConnectivityManagerCompat
android.support.v4.net.ConnectivityManagerCompat$BaseConnectivityManagerCompatImpl
android.support.v4.net.ConnectivityManagerCompat$ConnectivityManagerCompatImpl
android.support.v4.net.ConnectivityManagerCompat$GingerbreadConnectivityManagerCompatImpl
android.support.v4.net.ConnectivityManagerCompat$HoneycombMR2ConnectivityManagerCompatImpl
android.support.v4.net.ConnectivityManagerCompat$JellyBeanConnectivityManagerCompatImpl
android.support.v4.net.ConnectivityManagerCompatGingerbread
android.support.v4.net.ConnectivityManagerCompatHoneycombMR2
android.support.v4.net.ConnectivityManagerCompatJellyBean
android.support.v4.net.TrafficStatsCompat
android.support.v4.net.TrafficStatsCompat$1
android.support.v4.net.TrafficStatsCompat$BaseTrafficStatsCompatImpl
android.support.v4.net.TrafficStatsCompat$BaseTrafficStatsCompatImpl$1
android.support.v4.net.TrafficStatsCompat$BaseTrafficStatsCompatImpl$SocketTags
android.support.v4.net.TrafficStatsCompat$IcsTrafficStatsCompatImpl
android.support.v4.net.TrafficStatsCompat$TrafficStatsCompatImpl
android.support.v4.net.TrafficStatsCompatIcs
android.support.v4.os.EnvironmentCompat
android.support.v4.os.EnvironmentCompatKitKat
android.support.v4.os.ParcelableCompat
android.support.v4.os.ParcelableCompat$CompatCreator
android.support.v4.os.ParcelableCompatCreatorCallbacks
android.support.v4.os.ParcelableCompatCreatorHoneycombMR2
android.support.v4.os.ParcelableCompatCreatorHoneycombMR2Stub
android.support.v4.print.PrintHelper
android.support.v4.print.PrintHelper$1
android.support.v4.print.PrintHelper$PrintHelperKitkatImpl
android.support.v4.print.PrintHelper$PrintHelperStubImpl
android.support.v4.print.PrintHelper$PrintHelperVersionImpl
android.support.v4.print.PrintHelperKitkat
android.support.v4.print.PrintHelperKitkat$1
android.support.v4.print.PrintHelperKitkat$2
android.support.v4.print.PrintHelperKitkat$2$1
android.support.v4.print.PrintHelperKitkat$2$1$1
android.support.v4.text.BidiFormatter
android.support.v4.text.BidiFormatter$1
android.support.v4.text.BidiFormatter$Builder
android.support.v4.text.BidiFormatter$DirectionalityEstimator
android.support.v4.text.ICUCompat
android.support.v4.text.ICUCompat$ICUCompatImpl
android.support.v4.text.ICUCompat$ICUCompatImplBase
android.support.v4.text.ICUCompat$ICUCompatImplIcs
android.support.v4.text.ICUCompatIcs
android.support.v4.text.TextDirectionHeuristicCompat
android.support.v4.text.TextDirectionHeuristicsCompat
android.support.v4.text.TextDirectionHeuristicsCompat$1
android.support.v4.text.TextDirectionHeuristicsCompat$AnyStrong